<?xml version="1.0" encoding="UTF-8"?>
<testsuite xmlns:xsi="http://www.w3.org/2001/XMLSchema-instance" xsi:noNamespaceSchemaLocation="https://maven.apache.org/surefire/maven-surefire-plugin/xsd/surefire-test-report.xsd" name="com.upload.UploadApplicationTests" time="3.248" tests="1" errors="0" skipped="0" failures="0">
  <properties>
    <property name="gopherProxySet" value="false"/>
    <property name="awt.toolkit" value="sun.lwawt.macosx.LWCToolkit"/>
    <property name="java.specification.version" value="11"/>
    <property name="sun.cpu.isalist" value=""/>
    <property name="sun.jnu.encoding" value="UTF-8"/>
    <property name="java.class.path" value="/Users/emerchan/Documents/Brayan/loadFiles/target/test-classes:/Users/emerchan/Documents/Brayan/loadFiles/target/classes:/Users/emerchan/.m2/repository/org/springframework/boot/spring-boot-starter-data-jpa/2.7.13/spring-boot-starter-data-jpa-2.7.13.jar:/Users/emerchan/.m2/repository/org/springframework/boot/spring-boot-starter-aop/2.7.13/spring-boot-starter-aop-2.7.13.jar:/Users/emerchan/.m2/repository/org/springframework/spring-aop/5.3.28/spring-aop-5.3.28.jar:/Users/emerchan/.m2/repository/org/aspectj/aspectjweaver/1.9.7/aspectjweaver-1.9.7.jar:/Users/emerchan/.m2/repository/org/springframework/boot/spring-boot-starter-jdbc/2.7.13/spring-boot-starter-jdbc-2.7.13.jar:/Users/emerchan/.m2/repository/com/zaxxer/HikariCP/4.0.3/HikariCP-4.0.3.jar:/Users/emerchan/.m2/repository/org/springframework/spring-jdbc/5.3.28/spring-jdbc-5.3.28.jar:/Users/emerchan/.m2/repository/jakarta/transaction/jakarta.transaction-api/1.3.3/jakarta.transaction-api-1.3.3.jar:/Users/emerchan/.m2/repository/jakarta/persistence/jakarta.persistence-api/2.2.3/jakarta.persistence-api-2.2.3.jar:/Users/emerchan/.m2/repository/org/hibernate/hibernate-core/5.6.15.Final/hibernate-core-5.6.15.Final.jar:/Users/emerchan/.m2/repository/org/jboss/logging/jboss-logging/3.4.3.Final/jboss-logging-3.4.3.Final.jar:/Users/emerchan/.m2/repository/net/bytebuddy/byte-buddy/1.12.23/byte-buddy-1.12.23.jar:/Users/emerchan/.m2/repository/antlr/antlr/2.7.7/antlr-2.7.7.jar:/Users/emerchan/.m2/repository/org/jboss/jandex/2.4.2.Final/jandex-2.4.2.Final.jar:/Users/emerchan/.m2/repository/org/hibernate/common/hibernate-commons-annotations/5.1.2.Final/hibernate-commons-annotations-5.1.2.Final.jar:/Users/emerchan/.m2/repository/org/glassfish/jaxb/jaxb-runtime/2.3.8/jaxb-runtime-2.3.8.jar:/Users/emerchan/.m2/repository/org/glassfish/jaxb/txw2/2.3.8/txw2-2.3.8.jar:/Users/emerchan/.m2/repository/com/sun/istack/istack-commons-runtime/3.0.12/istack-commons-runtime-3.0.12.jar:/Users/emerchan/.m2/repository/com/sun/activation/jakarta.activation/1.2.2/jakarta.activation-1.2.2.jar:/Users/emerchan/.m2/repository/org/springframework/data/spring-data-jpa/2.7.13/spring-data-jpa-2.7.13.jar:/Users/emerchan/.m2/repository/org/springframework/spring-orm/5.3.28/spring-orm-5.3.28.jar:/Users/emerchan/.m2/repository/org/springframework/spring-context/5.3.28/spring-context-5.3.28.jar:/Users/emerchan/.m2/repository/org/springframework/spring-tx/5.3.28/spring-tx-5.3.28.jar:/Users/emerchan/.m2/repository/org/springframework/spring-aspects/5.3.28/spring-aspects-5.3.28.jar:/Users/emerchan/.m2/repository/org/springframework/boot/spring-boot-starter-web/2.7.13/spring-boot-starter-web-2.7.13.jar:/Users/emerchan/.m2/repository/org/springframework/boot/spring-boot-starter/2.7.13/spring-boot-starter-2.7.13.jar:/Users/emerchan/.m2/repository/org/springframework/boot/spring-boot-starter-logging/2.7.13/spring-boot-starter-logging-2.7.13.jar:/Users/emerchan/.m2/repository/ch/qos/logback/logback-classic/1.2.12/logback-classic-1.2.12.jar:/Users/emerchan/.m2/repository/ch/qos/logback/logback-core/1.2.12/logback-core-1.2.12.jar:/Users/emerchan/.m2/repository/org/apache/logging/log4j/log4j-to-slf4j/2.17.2/log4j-to-slf4j-2.17.2.jar:/Users/emerchan/.m2/repository/org/slf4j/jul-to-slf4j/1.7.36/jul-to-slf4j-1.7.36.jar:/Users/emerchan/.m2/repository/jakarta/annotation/jakarta.annotation-api/1.3.5/jakarta.annotation-api-1.3.5.jar:/Users/emerchan/.m2/repository/org/yaml/snakeyaml/1.30/snakeyaml-1.30.jar:/Users/emerchan/.m2/repository/org/springframework/boot/spring-boot-starter-json/2.7.13/spring-boot-starter-json-2.7.13.jar:/Users/emerchan/.m2/repository/com/fasterxml/jackson/core/jackson-databind/2.13.5/jackson-databind-2.13.5.jar:/Users/emerchan/.m2/repository/com/fasterxml/jackson/core/jackson-core/2.13.5/jackson-core-2.13.5.jar:/Users/emerchan/.m2/repository/com/fasterxml/jackson/datatype/jackson-datatype-jdk8/2.13.5/jackson-datatype-jdk8-2.13.5.jar:/Users/emerchan/.m2/repository/com/fasterxml/jackson/datatype/jackson-datatype-jsr310/2.13.5/jackson-datatype-jsr310-2.13.5.jar:/Users/emerchan/.m2/repository/com/fasterxml/jackson/module/jackson-module-parameter-names/2.13.5/jackson-module-parameter-names-2.13.5.jar:/Users/emerchan/.m2/repository/org/springframework/boot/spring-boot-starter-tomcat/2.7.13/spring-boot-starter-tomcat-2.7.13.jar:/Users/emerchan/.m2/repository/org/apache/tomcat/embed/tomcat-embed-core/9.0.76/tomcat-embed-core-9.0.76.jar:/Users/emerchan/.m2/repository/org/apache/tomcat/embed/tomcat-embed-websocket/9.0.76/tomcat-embed-websocket-9.0.76.jar:/Users/emerchan/.m2/repository/org/springframework/spring-web/5.3.28/spring-web-5.3.28.jar:/Users/emerchan/.m2/repository/org/springframework/spring-webmvc/5.3.28/spring-webmvc-5.3.28.jar:/Users/emerchan/.m2/repository/org/springframework/spring-expression/5.3.28/spring-expression-5.3.28.jar:/Users/emerchan/.m2/repository/org/springframework/boot/spring-boot-starter-data-rest/2.7.13/spring-boot-starter-data-rest-2.7.13.jar:/Users/emerchan/.m2/repository/org/springframework/data/spring-data-rest-webmvc/3.7.13/spring-data-rest-webmvc-3.7.13.jar:/Users/emerchan/.m2/repository/org/springframework/data/spring-data-rest-core/3.7.13/spring-data-rest-core-3.7.13.jar:/Users/emerchan/.m2/repository/org/springframework/hateoas/spring-hateoas/1.5.4/spring-hateoas-1.5.4.jar:/Users/emerchan/.m2/repository/org/atteo/evo-inflector/1.3/evo-inflector-1.3.jar:/Users/emerchan/.m2/repository/com/fasterxml/jackson/core/jackson-annotations/2.13.5/jackson-annotations-2.13.5.jar:/Users/emerchan/.m2/repository/org/springframework/boot/spring-boot-starter-validation/2.7.13/spring-boot-starter-validation-2.7.13.jar:/Users/emerchan/.m2/repository/org/apache/tomcat/embed/tomcat-embed-el/9.0.76/tomcat-embed-el-9.0.76.jar:/Users/emerchan/.m2/repository/org/hibernate/validator/hibernate-validator/6.2.5.Final/hibernate-validator-6.2.5.Final.jar:/Users/emerchan/.m2/repository/jakarta/validation/jakarta.validation-api/2.0.2/jakarta.validation-api-2.0.2.jar:/Users/emerchan/.m2/repository/org/springframework/boot/spring-boot-devtools/2.7.13/spring-boot-devtools-2.7.13.jar:/Users/emerchan/.m2/repository/org/springframework/boot/spring-boot/2.7.13/spring-boot-2.7.13.jar:/Users/emerchan/.m2/repository/org/springframework/boot/spring-boot-autoconfigure/2.7.13/spring-boot-autoconfigure-2.7.13.jar:/Users/emerchan/.m2/repository/org/postgresql/postgresql/42.3.8/postgresql-42.3.8.jar:/Users/emerchan/.m2/repository/org/checkerframework/checker-qual/3.5.0/checker-qual-3.5.0.jar:/Users/emerchan/.m2/repository/org/projectlombok/lombok/1.18.28/lombok-1.18.28.jar:/Users/emerchan/.m2/repository/org/springframework/boot/spring-boot-starter-test/2.7.13/spring-boot-starter-test-2.7.13.jar:/Users/emerchan/.m2/repository/org/springframework/boot/spring-boot-test/2.7.13/spring-boot-test-2.7.13.jar:/Users/emerchan/.m2/repository/org/springframework/boot/spring-boot-test-autoconfigure/2.7.13/spring-boot-test-autoconfigure-2.7.13.jar:/Users/emerchan/.m2/repository/com/jayway/jsonpath/json-path/2.7.0/json-path-2.7.0.jar:/Users/emerchan/.m2/repository/net/minidev/json-smart/2.4.11/json-smart-2.4.11.jar:/Users/emerchan/.m2/repository/net/minidev/accessors-smart/2.4.11/accessors-smart-2.4.11.jar:/Users/emerchan/.m2/repository/org/ow2/asm/asm/9.3/asm-9.3.jar:/Users/emerchan/.m2/repository/jakarta/xml/bind/jakarta.xml.bind-api/2.3.3/jakarta.xml.bind-api-2.3.3.jar:/Users/emerchan/.m2/repository/jakarta/activation/jakarta.activation-api/1.2.2/jakarta.activation-api-1.2.2.jar:/Users/emerchan/.m2/repository/org/assertj/assertj-core/3.22.0/assertj-core-3.22.0.jar:/Users/emerchan/.m2/repository/org/hamcrest/hamcrest/2.2/hamcrest-2.2.jar:/Users/emerchan/.m2/repository/org/junit/jupiter/junit-jupiter/5.8.2/junit-jupiter-5.8.2.jar:/Users/emerchan/.m2/repository/org/junit/jupiter/junit-jupiter-api/5.8.2/junit-jupiter-api-5.8.2.jar:/Users/emerchan/.m2/repository/org/opentest4j/opentest4j/1.2.0/opentest4j-1.2.0.jar:/Users/emerchan/.m2/repository/org/junit/platform/junit-platform-commons/1.8.2/junit-platform-commons-1.8.2.jar:/Users/emerchan/.m2/repository/org/apiguardian/apiguardian-api/1.1.2/apiguardian-api-1.1.2.jar:/Users/emerchan/.m2/repository/org/junit/jupiter/junit-jupiter-params/5.8.2/junit-jupiter-params-5.8.2.jar:/Users/emerchan/.m2/repository/org/junit/jupiter/junit-jupiter-engine/5.8.2/junit-jupiter-engine-5.8.2.jar:/Users/emerchan/.m2/repository/org/junit/platform/junit-platform-engine/1.8.2/junit-platform-engine-1.8.2.jar:/Users/emerchan/.m2/repository/org/mockito/mockito-core/4.5.1/mockito-core-4.5.1.jar:/Users/emerchan/.m2/repository/net/bytebuddy/byte-buddy-agent/1.12.23/byte-buddy-agent-1.12.23.jar:/Users/emerchan/.m2/repository/org/objenesis/objenesis/3.2/objenesis-3.2.jar:/Users/emerchan/.m2/repository/org/mockito/mockito-junit-jupiter/4.5.1/mockito-junit-jupiter-4.5.1.jar:/Users/emerchan/.m2/repository/org/skyscreamer/jsonassert/1.5.1/jsonassert-1.5.1.jar:/Users/emerchan/.m2/repository/com/vaadin/external/google/android-json/0.0.20131108.vaadin1/android-json-0.0.20131108.vaadin1.jar:/Users/emerchan/.m2/repository/org/springframework/spring-core/5.3.28/spring-core-5.3.28.jar:/Users/emerchan/.m2/repository/org/springframework/spring-jcl/5.3.28/spring-jcl-5.3.28.jar:/Users/emerchan/.m2/repository/org/springframework/spring-test/5.3.28/spring-test-5.3.28.jar:/Users/emerchan/.m2/repository/org/xmlunit/xmlunit-core/2.9.1/xmlunit-core-2.9.1.jar:/Users/emerchan/.m2/repository/org/springframework/data/spring-data-commons/2.7.13/spring-data-commons-2.7.13.jar:/Users/emerchan/.m2/repository/org/springframework/spring-beans/5.3.28/spring-beans-5.3.28.jar:/Users/emerchan/.m2/repository/org/slf4j/slf4j-api/1.7.36/slf4j-api-1.7.36.jar:/Users/emerchan/.m2/repository/org/modelmapper/modelmapper/2.4.5/modelmapper-2.4.5.jar:/Users/emerchan/.m2/repository/com/querydsl/querydsl-apt/5.0.0/querydsl-apt-5.0.0-jpa.jar:/Users/emerchan/.m2/repository/com/querydsl/querydsl-codegen/5.0.0/querydsl-codegen-5.0.0.jar:/Users/emerchan/.m2/repository/com/querydsl/codegen-utils/5.0.0/codegen-utils-5.0.0.jar:/Users/emerchan/.m2/repository/org/eclipse/jdt/ecj/3.26.0/ecj-3.26.0.jar:/Users/emerchan/.m2/repository/javax/inject/javax.inject/1/javax.inject-1.jar:/Users/emerchan/.m2/repository/io/github/classgraph/classgraph/4.8.108/classgraph-4.8.108.jar:/Users/emerchan/.m2/repository/com/querydsl/querydsl-jpa/5.0.0/querydsl-jpa-5.0.0.jar:/Users/emerchan/.m2/repository/com/querydsl/querydsl-core/5.0.0/querydsl-core-5.0.0.jar:/Users/emerchan/.m2/repository/com/mysema/commons/mysema-commons-lang/0.2.4/mysema-commons-lang-0.2.4.jar:/Users/emerchan/.m2/repository/com/github/librepdf/openpdf/1.3.26/openpdf-1.3.26.jar:/Users/emerchan/.m2/repository/com/google/code/findbugs/jsr305/3.0.2/jsr305-3.0.2.jar:/Users/emerchan/.m2/repository/org/apache/poi/poi/5.2.3/poi-5.2.3.jar:/Users/emerchan/.m2/repository/commons-codec/commons-codec/1.15/commons-codec-1.15.jar:/Users/emerchan/.m2/repository/org/apache/commons/commons-collections4/4.4/commons-collections4-4.4.jar:/Users/emerchan/.m2/repository/org/apache/commons/commons-math3/3.6.1/commons-math3-3.6.1.jar:/Users/emerchan/.m2/repository/commons-io/commons-io/2.11.0/commons-io-2.11.0.jar:/Users/emerchan/.m2/repository/com/zaxxer/SparseBitSet/1.2/SparseBitSet-1.2.jar:/Users/emerchan/.m2/repository/org/apache/logging/log4j/log4j-api/2.17.2/log4j-api-2.17.2.jar:/Users/emerchan/.m2/repository/org/apache/poi/poi-ooxml/5.2.3/poi-ooxml-5.2.3.jar:/Users/emerchan/.m2/repository/org/apache/poi/poi-ooxml-lite/5.2.3/poi-ooxml-lite-5.2.3.jar:/Users/emerchan/.m2/repository/org/apache/xmlbeans/xmlbeans/5.1.1/xmlbeans-5.1.1.jar:/Users/emerchan/.m2/repository/org/apache/commons/commons-compress/1.21/commons-compress-1.21.jar:/Users/emerchan/.m2/repository/com/github/virtuald/curvesapi/1.07/curvesapi-1.07.jar:/Users/emerchan/.m2/repository/io/springfox/springfox-boot-starter/3.0.0/springfox-boot-starter-3.0.0.jar:/Users/emerchan/.m2/repository/io/springfox/springfox-oas/3.0.0/springfox-oas-3.0.0.jar:/Users/emerchan/.m2/repository/io/swagger/core/v3/swagger-annotations/2.1.2/swagger-annotations-2.1.2.jar:/Users/emerchan/.m2/repository/io/swagger/core/v3/swagger-models/2.1.2/swagger-models-2.1.2.jar:/Users/emerchan/.m2/repository/io/springfox/springfox-core/3.0.0/springfox-core-3.0.0.jar:/Users/emerchan/.m2/repository/io/springfox/springfox-data-rest/3.0.0/springfox-data-rest-3.0.0.jar:/Users/emerchan/.m2/repository/io/springfox/springfox-bean-validators/3.0.0/springfox-bean-validators-3.0.0.jar:/Users/emerchan/.m2/repository/com/fasterxml/classmate/1.5.1/classmate-1.5.1.jar:/Users/emerchan/.m2/repository/org/springframework/plugin/spring-plugin-core/2.0.0.RELEASE/spring-plugin-core-2.0.0.RELEASE.jar:/Users/emerchan/.m2/repository/org/springframework/plugin/spring-plugin-metadata/2.0.0.RELEASE/spring-plugin-metadata-2.0.0.RELEASE.jar:/Users/emerchan/.m2/repository/io/springfox/springfox-swagger2/3.0.0/springfox-swagger2-3.0.0.jar:/Users/emerchan/.m2/repository/io/springfox/springfox-spi/3.0.0/springfox-spi-3.0.0.jar:/Users/emerchan/.m2/repository/io/springfox/springfox-schema/3.0.0/springfox-schema-3.0.0.jar:/Users/emerchan/.m2/repository/io/springfox/springfox-swagger-common/3.0.0/springfox-swagger-common-3.0.0.jar:/Users/emerchan/.m2/repository/io/springfox/springfox-spring-web/3.0.0/springfox-spring-web-3.0.0.jar:/Users/emerchan/.m2/repository/io/springfox/springfox-spring-webmvc/3.0.0/springfox-spring-webmvc-3.0.0.jar:/Users/emerchan/.m2/repository/io/springfox/springfox-spring-webflux/3.0.0/springfox-spring-webflux-3.0.0.jar:/Users/emerchan/.m2/repository/io/swagger/swagger-annotations/1.5.20/swagger-annotations-1.5.20.jar:/Users/emerchan/.m2/repository/io/swagger/swagger-models/1.5.20/swagger-models-1.5.20.jar:/Users/emerchan/.m2/repository/org/mapstruct/mapstruct/1.3.1.Final/mapstruct-1.3.1.Final.jar:/Users/emerchan/.m2/repository/io/springfox/springfox-swagger-ui/3.0.0/springfox-swagger-ui-3.0.0.jar:/Users/emerchan/.m2/repository/javax/annotation/javax.annotation-api/1.3.2/javax.annotation-api-1.3.2.jar:"/>
    <property name="java.vm.vendor" value="Oracle Corporation"/>
    <property name="sun.arch.data.model" value="64"/>
    <property name="java.vendor.url" value="https://openjdk.java.net/"/>
    <property name="user.timezone" value=""/>
    <property name="java.vm.specification.version" value="11"/>
    <property name="os.name" value="Mac OS X"/>
    <property name="sun.java.launcher" value="SUN_STANDARD"/>
    <property name="user.country" value="419"/>
    <property name="sun.boot.library.path" value="/Library/Java/JavaVirtualMachines/jdk-11.0.16.jdk/Contents/Home/lib"/>
    <property name="sun.java.command" value="/Users/emerchan/Documents/Brayan/loadFiles/target/surefire/surefirebooter4045610811544960817.jar /Users/emerchan/Documents/Brayan/loadFiles/target/surefire 2023-08-15T17-07-46_018-jvmRun1 surefire17103714375320198693tmp surefire_016490131259204521915tmp"/>
    <property name="http.nonProxyHosts" value="local|*.local|169.254/16|*.169.254/16"/>
    <property name="jdk.debug" value="release"/>
    <property name="surefire.test.class.path" value="/Users/emerchan/Documents/Brayan/loadFiles/target/test-classes:/Users/emerchan/Documents/Brayan/loadFiles/target/classes:/Users/emerchan/.m2/repository/org/springframework/boot/spring-boot-starter-data-jpa/2.7.13/spring-boot-starter-data-jpa-2.7.13.jar:/Users/emerchan/.m2/repository/org/springframework/boot/spring-boot-starter-aop/2.7.13/spring-boot-starter-aop-2.7.13.jar:/Users/emerchan/.m2/repository/org/springframework/spring-aop/5.3.28/spring-aop-5.3.28.jar:/Users/emerchan/.m2/repository/org/aspectj/aspectjweaver/1.9.7/aspectjweaver-1.9.7.jar:/Users/emerchan/.m2/repository/org/springframework/boot/spring-boot-starter-jdbc/2.7.13/spring-boot-starter-jdbc-2.7.13.jar:/Users/emerchan/.m2/repository/com/zaxxer/HikariCP/4.0.3/HikariCP-4.0.3.jar:/Users/emerchan/.m2/repository/org/springframework/spring-jdbc/5.3.28/spring-jdbc-5.3.28.jar:/Users/emerchan/.m2/repository/jakarta/transaction/jakarta.transaction-api/1.3.3/jakarta.transaction-api-1.3.3.jar:/Users/emerchan/.m2/repository/jakarta/persistence/jakarta.persistence-api/2.2.3/jakarta.persistence-api-2.2.3.jar:/Users/emerchan/.m2/repository/org/hibernate/hibernate-core/5.6.15.Final/hibernate-core-5.6.15.Final.jar:/Users/emerchan/.m2/repository/org/jboss/logging/jboss-logging/3.4.3.Final/jboss-logging-3.4.3.Final.jar:/Users/emerchan/.m2/repository/net/bytebuddy/byte-buddy/1.12.23/byte-buddy-1.12.23.jar:/Users/emerchan/.m2/repository/antlr/antlr/2.7.7/antlr-2.7.7.jar:/Users/emerchan/.m2/repository/org/jboss/jandex/2.4.2.Final/jandex-2.4.2.Final.jar:/Users/emerchan/.m2/repository/org/hibernate/common/hibernate-commons-annotations/5.1.2.Final/hibernate-commons-annotations-5.1.2.Final.jar:/Users/emerchan/.m2/repository/org/glassfish/jaxb/jaxb-runtime/2.3.8/jaxb-runtime-2.3.8.jar:/Users/emerchan/.m2/repository/org/glassfish/jaxb/txw2/2.3.8/txw2-2.3.8.jar:/Users/emerchan/.m2/repository/com/sun/istack/istack-commons-runtime/3.0.12/istack-commons-runtime-3.0.12.jar:/Users/emerchan/.m2/repository/com/sun/activation/jakarta.activation/1.2.2/jakarta.activation-1.2.2.jar:/Users/emerchan/.m2/repository/org/springframework/data/spring-data-jpa/2.7.13/spring-data-jpa-2.7.13.jar:/Users/emerchan/.m2/repository/org/springframework/spring-orm/5.3.28/spring-orm-5.3.28.jar:/Users/emerchan/.m2/repository/org/springframework/spring-context/5.3.28/spring-context-5.3.28.jar:/Users/emerchan/.m2/repository/org/springframework/spring-tx/5.3.28/spring-tx-5.3.28.jar:/Users/emerchan/.m2/repository/org/springframework/spring-aspects/5.3.28/spring-aspects-5.3.28.jar:/Users/emerchan/.m2/repository/org/springframework/boot/spring-boot-starter-web/2.7.13/spring-boot-starter-web-2.7.13.jar:/Users/emerchan/.m2/repository/org/springframework/boot/spring-boot-starter/2.7.13/spring-boot-starter-2.7.13.jar:/Users/emerchan/.m2/repository/org/springframework/boot/spring-boot-starter-logging/2.7.13/spring-boot-starter-logging-2.7.13.jar:/Users/emerchan/.m2/repository/ch/qos/logback/logback-classic/1.2.12/logback-classic-1.2.12.jar:/Users/emerchan/.m2/repository/ch/qos/logback/logback-core/1.2.12/logback-core-1.2.12.jar:/Users/emerchan/.m2/repository/org/apache/logging/log4j/log4j-to-slf4j/2.17.2/log4j-to-slf4j-2.17.2.jar:/Users/emerchan/.m2/repository/org/slf4j/jul-to-slf4j/1.7.36/jul-to-slf4j-1.7.36.jar:/Users/emerchan/.m2/repository/jakarta/annotation/jakarta.annotation-api/1.3.5/jakarta.annotation-api-1.3.5.jar:/Users/emerchan/.m2/repository/org/yaml/snakeyaml/1.30/snakeyaml-1.30.jar:/Users/emerchan/.m2/repository/org/springframework/boot/spring-boot-starter-json/2.7.13/spring-boot-starter-json-2.7.13.jar:/Users/emerchan/.m2/repository/com/fasterxml/jackson/core/jackson-databind/2.13.5/jackson-databind-2.13.5.jar:/Users/emerchan/.m2/repository/com/fasterxml/jackson/core/jackson-core/2.13.5/jackson-core-2.13.5.jar:/Users/emerchan/.m2/repository/com/fasterxml/jackson/datatype/jackson-datatype-jdk8/2.13.5/jackson-datatype-jdk8-2.13.5.jar:/Users/emerchan/.m2/repository/com/fasterxml/jackson/datatype/jackson-datatype-jsr310/2.13.5/jackson-datatype-jsr310-2.13.5.jar:/Users/emerchan/.m2/repository/com/fasterxml/jackson/module/jackson-module-parameter-names/2.13.5/jackson-module-parameter-names-2.13.5.jar:/Users/emerchan/.m2/repository/org/springframework/boot/spring-boot-starter-tomcat/2.7.13/spring-boot-starter-tomcat-2.7.13.jar:/Users/emerchan/.m2/repository/org/apache/tomcat/embed/tomcat-embed-core/9.0.76/tomcat-embed-core-9.0.76.jar:/Users/emerchan/.m2/repository/org/apache/tomcat/embed/tomcat-embed-websocket/9.0.76/tomcat-embed-websocket-9.0.76.jar:/Users/emerchan/.m2/repository/org/springframework/spring-web/5.3.28/spring-web-5.3.28.jar:/Users/emerchan/.m2/repository/org/springframework/spring-webmvc/5.3.28/spring-webmvc-5.3.28.jar:/Users/emerchan/.m2/repository/org/springframework/spring-expression/5.3.28/spring-expression-5.3.28.jar:/Users/emerchan/.m2/repository/org/springframework/boot/spring-boot-starter-data-rest/2.7.13/spring-boot-starter-data-rest-2.7.13.jar:/Users/emerchan/.m2/repository/org/springframework/data/spring-data-rest-webmvc/3.7.13/spring-data-rest-webmvc-3.7.13.jar:/Users/emerchan/.m2/repository/org/springframework/data/spring-data-rest-core/3.7.13/spring-data-rest-core-3.7.13.jar:/Users/emerchan/.m2/repository/org/springframework/hateoas/spring-hateoas/1.5.4/spring-hateoas-1.5.4.jar:/Users/emerchan/.m2/repository/org/atteo/evo-inflector/1.3/evo-inflector-1.3.jar:/Users/emerchan/.m2/repository/com/fasterxml/jackson/core/jackson-annotations/2.13.5/jackson-annotations-2.13.5.jar:/Users/emerchan/.m2/repository/org/springframework/boot/spring-boot-starter-validation/2.7.13/spring-boot-starter-validation-2.7.13.jar:/Users/emerchan/.m2/repository/org/apache/tomcat/embed/tomcat-embed-el/9.0.76/tomcat-embed-el-9.0.76.jar:/Users/emerchan/.m2/repository/org/hibernate/validator/hibernate-validator/6.2.5.Final/hibernate-validator-6.2.5.Final.jar:/Users/emerchan/.m2/repository/jakarta/validation/jakarta.validation-api/2.0.2/jakarta.validation-api-2.0.2.jar:/Users/emerchan/.m2/repository/org/springframework/boot/spring-boot-devtools/2.7.13/spring-boot-devtools-2.7.13.jar:/Users/emerchan/.m2/repository/org/springframework/boot/spring-boot/2.7.13/spring-boot-2.7.13.jar:/Users/emerchan/.m2/repository/org/springframework/boot/spring-boot-autoconfigure/2.7.13/spring-boot-autoconfigure-2.7.13.jar:/Users/emerchan/.m2/repository/org/postgresql/postgresql/42.3.8/postgresql-42.3.8.jar:/Users/emerchan/.m2/repository/org/checkerframework/checker-qual/3.5.0/checker-qual-3.5.0.jar:/Users/emerchan/.m2/repository/org/projectlombok/lombok/1.18.28/lombok-1.18.28.jar:/Users/emerchan/.m2/repository/org/springframework/boot/spring-boot-starter-test/2.7.13/spring-boot-starter-test-2.7.13.jar:/Users/emerchan/.m2/repository/org/springframework/boot/spring-boot-test/2.7.13/spring-boot-test-2.7.13.jar:/Users/emerchan/.m2/repository/org/springframework/boot/spring-boot-test-autoconfigure/2.7.13/spring-boot-test-autoconfigure-2.7.13.jar:/Users/emerchan/.m2/repository/com/jayway/jsonpath/json-path/2.7.0/json-path-2.7.0.jar:/Users/emerchan/.m2/repository/net/minidev/json-smart/2.4.11/json-smart-2.4.11.jar:/Users/emerchan/.m2/repository/net/minidev/accessors-smart/2.4.11/accessors-smart-2.4.11.jar:/Users/emerchan/.m2/repository/org/ow2/asm/asm/9.3/asm-9.3.jar:/Users/emerchan/.m2/repository/jakarta/xml/bind/jakarta.xml.bind-api/2.3.3/jakarta.xml.bind-api-2.3.3.jar:/Users/emerchan/.m2/repository/jakarta/activation/jakarta.activation-api/1.2.2/jakarta.activation-api-1.2.2.jar:/Users/emerchan/.m2/repository/org/assertj/assertj-core/3.22.0/assertj-core-3.22.0.jar:/Users/emerchan/.m2/repository/org/hamcrest/hamcrest/2.2/hamcrest-2.2.jar:/Users/emerchan/.m2/repository/org/junit/jupiter/junit-jupiter/5.8.2/junit-jupiter-5.8.2.jar:/Users/emerchan/.m2/repository/org/junit/jupiter/junit-jupiter-api/5.8.2/junit-jupiter-api-5.8.2.jar:/Users/emerchan/.m2/repository/org/opentest4j/opentest4j/1.2.0/opentest4j-1.2.0.jar:/Users/emerchan/.m2/repository/org/junit/platform/junit-platform-commons/1.8.2/junit-platform-commons-1.8.2.jar:/Users/emerchan/.m2/repository/org/apiguardian/apiguardian-api/1.1.2/apiguardian-api-1.1.2.jar:/Users/emerchan/.m2/repository/org/junit/jupiter/junit-jupiter-params/5.8.2/junit-jupiter-params-5.8.2.jar:/Users/emerchan/.m2/repository/org/junit/jupiter/junit-jupiter-engine/5.8.2/junit-jupiter-engine-5.8.2.jar:/Users/emerchan/.m2/repository/org/junit/platform/junit-platform-engine/1.8.2/junit-platform-engine-1.8.2.jar:/Users/emerchan/.m2/repository/org/mockito/mockito-core/4.5.1/mockito-core-4.5.1.jar:/Users/emerchan/.m2/repository/net/bytebuddy/byte-buddy-agent/1.12.23/byte-buddy-agent-1.12.23.jar:/Users/emerchan/.m2/repository/org/objenesis/objenesis/3.2/objenesis-3.2.jar:/Users/emerchan/.m2/repository/org/mockito/mockito-junit-jupiter/4.5.1/mockito-junit-jupiter-4.5.1.jar:/Users/emerchan/.m2/repository/org/skyscreamer/jsonassert/1.5.1/jsonassert-1.5.1.jar:/Users/emerchan/.m2/repository/com/vaadin/external/google/android-json/0.0.20131108.vaadin1/android-json-0.0.20131108.vaadin1.jar:/Users/emerchan/.m2/repository/org/springframework/spring-core/5.3.28/spring-core-5.3.28.jar:/Users/emerchan/.m2/repository/org/springframework/spring-jcl/5.3.28/spring-jcl-5.3.28.jar:/Users/emerchan/.m2/repository/org/springframework/spring-test/5.3.28/spring-test-5.3.28.jar:/Users/emerchan/.m2/repository/org/xmlunit/xmlunit-core/2.9.1/xmlunit-core-2.9.1.jar:/Users/emerchan/.m2/repository/org/springframework/data/spring-data-commons/2.7.13/spring-data-commons-2.7.13.jar:/Users/emerchan/.m2/repository/org/springframework/spring-beans/5.3.28/spring-beans-5.3.28.jar:/Users/emerchan/.m2/repository/org/slf4j/slf4j-api/1.7.36/slf4j-api-1.7.36.jar:/Users/emerchan/.m2/repository/org/modelmapper/modelmapper/2.4.5/modelmapper-2.4.5.jar:/Users/emerchan/.m2/repository/com/querydsl/querydsl-apt/5.0.0/querydsl-apt-5.0.0-jpa.jar:/Users/emerchan/.m2/repository/com/querydsl/querydsl-codegen/5.0.0/querydsl-codegen-5.0.0.jar:/Users/emerchan/.m2/repository/com/querydsl/codegen-utils/5.0.0/codegen-utils-5.0.0.jar:/Users/emerchan/.m2/repository/org/eclipse/jdt/ecj/3.26.0/ecj-3.26.0.jar:/Users/emerchan/.m2/repository/javax/inject/javax.inject/1/javax.inject-1.jar:/Users/emerchan/.m2/repository/io/github/classgraph/classgraph/4.8.108/classgraph-4.8.108.jar:/Users/emerchan/.m2/repository/com/querydsl/querydsl-jpa/5.0.0/querydsl-jpa-5.0.0.jar:/Users/emerchan/.m2/repository/com/querydsl/querydsl-core/5.0.0/querydsl-core-5.0.0.jar:/Users/emerchan/.m2/repository/com/mysema/commons/mysema-commons-lang/0.2.4/mysema-commons-lang-0.2.4.jar:/Users/emerchan/.m2/repository/com/github/librepdf/openpdf/1.3.26/openpdf-1.3.26.jar:/Users/emerchan/.m2/repository/com/google/code/findbugs/jsr305/3.0.2/jsr305-3.0.2.jar:/Users/emerchan/.m2/repository/org/apache/poi/poi/5.2.3/poi-5.2.3.jar:/Users/emerchan/.m2/repository/commons-codec/commons-codec/1.15/commons-codec-1.15.jar:/Users/emerchan/.m2/repository/org/apache/commons/commons-collections4/4.4/commons-collections4-4.4.jar:/Users/emerchan/.m2/repository/org/apache/commons/commons-math3/3.6.1/commons-math3-3.6.1.jar:/Users/emerchan/.m2/repository/commons-io/commons-io/2.11.0/commons-io-2.11.0.jar:/Users/emerchan/.m2/repository/com/zaxxer/SparseBitSet/1.2/SparseBitSet-1.2.jar:/Users/emerchan/.m2/repository/org/apache/logging/log4j/log4j-api/2.17.2/log4j-api-2.17.2.jar:/Users/emerchan/.m2/repository/org/apache/poi/poi-ooxml/5.2.3/poi-ooxml-5.2.3.jar:/Users/emerchan/.m2/repository/org/apache/poi/poi-ooxml-lite/5.2.3/poi-ooxml-lite-5.2.3.jar:/Users/emerchan/.m2/repository/org/apache/xmlbeans/xmlbeans/5.1.1/xmlbeans-5.1.1.jar:/Users/emerchan/.m2/repository/org/apache/commons/commons-compress/1.21/commons-compress-1.21.jar:/Users/emerchan/.m2/repository/com/github/virtuald/curvesapi/1.07/curvesapi-1.07.jar:/Users/emerchan/.m2/repository/io/springfox/springfox-boot-starter/3.0.0/springfox-boot-starter-3.0.0.jar:/Users/emerchan/.m2/repository/io/springfox/springfox-oas/3.0.0/springfox-oas-3.0.0.jar:/Users/emerchan/.m2/repository/io/swagger/core/v3/swagger-annotations/2.1.2/swagger-annotations-2.1.2.jar:/Users/emerchan/.m2/repository/io/swagger/core/v3/swagger-models/2.1.2/swagger-models-2.1.2.jar:/Users/emerchan/.m2/repository/io/springfox/springfox-core/3.0.0/springfox-core-3.0.0.jar:/Users/emerchan/.m2/repository/io/springfox/springfox-data-rest/3.0.0/springfox-data-rest-3.0.0.jar:/Users/emerchan/.m2/repository/io/springfox/springfox-bean-validators/3.0.0/springfox-bean-validators-3.0.0.jar:/Users/emerchan/.m2/repository/com/fasterxml/classmate/1.5.1/classmate-1.5.1.jar:/Users/emerchan/.m2/repository/org/springframework/plugin/spring-plugin-core/2.0.0.RELEASE/spring-plugin-core-2.0.0.RELEASE.jar:/Users/emerchan/.m2/repository/org/springframework/plugin/spring-plugin-metadata/2.0.0.RELEASE/spring-plugin-metadata-2.0.0.RELEASE.jar:/Users/emerchan/.m2/repository/io/springfox/springfox-swagger2/3.0.0/springfox-swagger2-3.0.0.jar:/Users/emerchan/.m2/repository/io/springfox/springfox-spi/3.0.0/springfox-spi-3.0.0.jar:/Users/emerchan/.m2/repository/io/springfox/springfox-schema/3.0.0/springfox-schema-3.0.0.jar:/Users/emerchan/.m2/repository/io/springfox/springfox-swagger-common/3.0.0/springfox-swagger-common-3.0.0.jar:/Users/emerchan/.m2/repository/io/springfox/springfox-spring-web/3.0.0/springfox-spring-web-3.0.0.jar:/Users/emerchan/.m2/repository/io/springfox/springfox-spring-webmvc/3.0.0/springfox-spring-webmvc-3.0.0.jar:/Users/emerchan/.m2/repository/io/springfox/springfox-spring-webflux/3.0.0/springfox-spring-webflux-3.0.0.jar:/Users/emerchan/.m2/repository/io/swagger/swagger-annotations/1.5.20/swagger-annotations-1.5.20.jar:/Users/emerchan/.m2/repository/io/swagger/swagger-models/1.5.20/swagger-models-1.5.20.jar:/Users/emerchan/.m2/repository/org/mapstruct/mapstruct/1.3.1.Final/mapstruct-1.3.1.Final.jar:/Users/emerchan/.m2/repository/io/springfox/springfox-swagger-ui/3.0.0/springfox-swagger-ui-3.0.0.jar:/Users/emerchan/.m2/repository/javax/annotation/javax.annotation-api/1.3.2/javax.annotation-api-1.3.2.jar:"/>
    <property name="sun.cpu.endian" value="little"/>
    <property name="user.home" value="/Users/emerchan"/>
    <property name="user.language" value="es"/>
    <property name="java.specification.vendor" value="Oracle Corporation"/>
    <property name="java.version.date" value="2022-07-19"/>
    <property name="java.home" value="/Library/Java/JavaVirtualMachines/jdk-11.0.16.jdk/Contents/Home"/>
    <property name="file.separator" value="/"/>
    <property name="basedir" value="/Users/emerchan/Documents/Brayan/loadFiles"/>
    <property name="java.vm.compressedOopsMode" value="Zero based"/>
    <property name="line.separator" value="&#10;"/>
    <property name="java.specification.name" value="Java Platform API Specification"/>
    <property name="java.vm.specification.vendor" value="Oracle Corporation"/>
    <property name="java.awt.graphicsenv" value="sun.awt.CGraphicsEnvironment"/>
    <property name="surefire.real.class.path" value="/Users/emerchan/Documents/Brayan/loadFiles/target/surefire/surefirebooter4045610811544960817.jar"/>
    <property name="sun.management.compiler" value="HotSpot 64-Bit Tiered Compilers"/>
    <property name="ftp.nonProxyHosts" value="local|*.local|169.254/16|*.169.254/16"/>
    <property name="java.runtime.version" value="11.0.16+11-LTS-199"/>
    <property name="user.name" value="emerchan"/>
    <property name="path.separator" value=":"/>
    <property name="os.version" value="12.2.1"/>
    <property name="java.runtime.name" value="Java(TM) SE Runtime Environment"/>
    <property name="file.encoding" value="US-ASCII"/>
    <property name="java.vm.name" value="Java HotSpot(TM) 64-Bit Server VM"/>
    <property name="java.vendor.version" value="18.9"/>
    <property name="localRepository" value="/Users/emerchan/.m2/repository"/>
    <property name="java.vendor.url.bug" value="https://bugreport.java.com/bugreport/"/>
    <property name="java.io.tmpdir" value="/var/folders/n8/f5m1y28x2p72mfjnf6_tlbl40000gp/T/"/>
    <property name="java.version" value="11.0.16"/>
    <property name="user.dir" value="/Users/emerchan/Documents/Brayan/loadFiles"/>
    <property name="os.arch" value="aarch64"/>
    <property name="java.vm.specification.name" value="Java Virtual Machine Specification"/>
    <property name="java.awt.printerjob" value="sun.lwawt.macosx.CPrinterJob"/>
    <property name="sun.os.patch.level" value="unknown"/>
    <property name="java.library.path" value="/Users/emerchan/Library/Java/Extensions:/Library/Java/Extensions:/Network/Library/Java/Extensions:/System/Library/Java/Extensions:/usr/lib/java:."/>
    <property name="java.vendor" value="Oracle Corporation"/>
    <property name="java.vm.info" value="mixed mode"/>
    <property name="java.vm.version" value="11.0.16+11-LTS-199"/>
    <property name="sun.io.unicode.encoding" value="UnicodeBig"/>
    <property name="java.class.version" value="55.0"/>
    <property name="socksNonProxyHosts" value="local|*.local|169.254/16|*.169.254/16"/>
  </properties>
  <testcase name="contextLoads" classname="com.upload.UploadApplicationTests" time="0.093"/>
</testsuite>